Build started 10/30/2016 11:54:49 PM.
     1>Project "D:\image_processing\opencv_python_project\background_suppression_bc\opencv_1\opencv_1.vcxproj" on node 2 (build target(s)).
     1>InitializeBuildStatus:
         Creating "x64\Debug\opencv_1.unsuccessfulbuild" because "AlwaysCreate" was specified.
       ClCompile:
         C:\Program Files (x86)\Microsoft Visual Studio 10.0\VC\bin\x86_amd64\CL.exe /c /I"C:\OPenCV-2.4.9\opencv\build\include\opencv2" /I"C:\OPenCV-2.4.9\opencv\build\include\opencv" /I"C:\OPenCV-2.4.9\opencv\build\include" /I"D:\image_processing\opencv_python_project\bgslibrary-master\bgslibrary_master\package_bgs\jmo" /I"D:\image_processing\opencv_python_project\bgslibrary-master\bgslibrary_master\package_bgs" /I"D:\image_processing\opencv_python_project\bgslibrary-master" /Zi /nologo /W3 /WX- /Od /D _MBCS /Gm /EHsc /RTC1 /MDd /GS /fp:precise /Zc:wchar_t /Zc:forScope /Fo"x64\Debug\\" /Fd"x64\Debug\vc100.pdb" /Gd /TP /errorReport:prompt Backgroundsub.cpp
         Backgroundsub.cpp
     1>Backgroundsub.cpp(59): warning C4244: 'argument' : conversion from 'double' to 'int', possible loss of data
     1>Backgroundsub.cpp(60): warning C4244: 'argument' : conversion from 'double' to 'int', possible loss of data
       Link:
         C:\Program Files (x86)\Microsoft Visual Studio 10.0\VC\bin\x86_amd64\link.exe /ERRORREPORT:PROMPT /OUT:"D:\image_processing\opencv_python_project\background_suppression_bc\x64\Debug\opencv_1.exe" /INCREMENTAL:NO /NOLOGO /LIBPATH:"C:\OPenCV-2.4.9\opencv\build\x64\vc10\lib" opencv_calib3d249d.lib opencv_contrib249d.lib opencv_core249d.lib opencv_features2d249d.lib opencv_flann249d.lib opencv_gpu249d.lib opencv_highgui249d.lib opencv_imgproc249d.lib opencv_legacy249d.lib opencv_ml249d.lib opencv_nonfree249d.lib opencv_objdetect249d.lib opencv_ocl249d.lib opencv_photo249d.lib opencv_stitching249d.lib opencv_superres249d.lib opencv_ts249d.lib opencv_video249d.lib opencv_videostab249d.lib kernel32.lib user32.lib gdi32.lib winspool.lib comdlg32.lib advapi32.lib shell32.lib ole32.lib oleaut32.lib uuid.lib odbc32.lib odbccp32.lib /MANIFEST /ManifestFile:"x64\Debug\opencv_1.exe.intermediate.manifest" /MANIFESTUAC:"level='asInvoker' uiAccess='false'" /DEBUG /PDB:"D:\image_processing\opencv_python_project\background_suppression_bc\x64\Debug\opencv_1.pdb" /TLBID:1 /DYNAMICBASE /NXCOMPAT /IMPLIB:"D:\image_processing\opencv_python_project\background_suppression_bc\x64\Debug\opencv_1.lib" /MACHINE:X64 x64\Debug\Backgroundsub.obj
         opencv_1.vcxproj -> D:\image_processing\opencv_python_project\background_suppression_bc\x64\Debug\opencv_1.exe
       Manifest:
         C:\Program Files (x86)\Microsoft SDKs\Windows\v7.0A\bin\mt.exe /nologo /verbose /outputresource:"D:\image_processing\opencv_python_project\background_suppression_bc\x64\Debug\opencv_1.exe;#1" /manifest x64\Debug\opencv_1.exe.intermediate.manifest
       FinalizeBuildStatus:
         Deleting file "x64\Debug\opencv_1.unsuccessfulbuild".
         Touching "x64\Debug\opencv_1.lastbuildstate".
     1>Done Building Project "D:\image_processing\opencv_python_project\background_suppression_bc\opencv_1\opencv_1.vcxproj" (build target(s)).

Build succeeded.

Time Elapsed 00:00:02.02
